<?xml version="1.0" encoding="UTF-8"?>
<!-- Generated by org.testng.reporters.JUnitReportReporter -->
<testsuite hostname="LAPTOP-OP00BPI3" failures="0" tests="2" name="TestNG_Groups.GroupTest_Cases" time="17.450" errors="0" timestamp="2021-10-13T07:37:57 IST" skipped="0">
  <testcase classname="TestNG_Groups.GroupTest_Cases" name="Makeapnt_tc" time="9.670"/>
  <system-out/>
  <testcase classname="TestNG_Groups.GroupTest_Cases" name="lgn_Tc2" time="7.780"/>
  <system-out/>
</testsuite> <!-- TestNG_Groups.GroupTest_Cases -->
