<?xml version="1.0" encoding="UTF-8"?>
<!-- Generated by org.testng.reporters.JUnitReportReporter -->
<testsuite hostname="LAPTOP-OP00BPI3" failures="0" tests="1" name="Test_Runner.Book_Appointment_Test" time="9.120" errors="0" timestamp="2021-10-12T07:48:47 IST" skipped="0">
  <testcase classname="Test_Runner.Book_Appointment_Test" name="Tc1" time="9.120"/>
  <system-out/>
</testsuite> <!-- Test_Runner.Book_Appointment_Test -->
