<?xml version="1.0" encoding="UTF-8"?>
<!-- Generated by org.testng.reporters.JUnitReportReporter -->
<testsuite hostname="LAPTOP-OP00BPI3" failures="0" tests="1" name="Test_Runner.KBLogin_TestRunner" time="6.681" errors="0" timestamp="2021-10-13T07:51:51 IST" skipped="0">
  <testcase classname="Test_Runner.KBLogin_TestRunner" name="Login_Test_Runner" time="6.681"/>
  <system-out/>
</testsuite> <!-- Test_Runner.KBLogin_TestRunner -->
