<?xml version="1.0" encoding="UTF-8"?>
<!-- Generated by org.testng.reporters.JUnitReportReporter -->
<testsuite hostname="LAPTOP-OP00BPI3" failures="0" tests="2" name="TestNG_Groups.KB_Groups" time="13.427" errors="0" timestamp="2021-10-14T07:15:36 IST" skipped="0">
  <testcase classname="TestNG_Groups.KB_Groups" name="Tc1" time="6.088"/>
  <system-out/>
  <testcase classname="TestNG_Groups.KB_Groups" name="Tc2" time="7.339"/>
  <system-out/>
</testsuite> <!-- TestNG_Groups.KB_Groups -->
