<?xml version="1.0" encoding="UTF-8"?>
<!-- Generated by org.testng.reporters.JUnitReportReporter -->
<testsuite hostname="LAPTOP-OP00BPI3" failures="0" tests="1" name="Test_Runner.KBCreate_Depsit_Accounts_TestRunner" time="8.425" errors="0" timestamp="2021-10-13T07:53:51 IST" skipped="0">
  <testcase classname="Test_Runner.KBCreate_Depsit_Accounts_TestRunner" name="Create_Deposit_Accounts_Test_Runner" time="8.425"/>
  <system-out/>
</testsuite> <!-- Test_Runner.KBCreate_Depsit_Accounts_TestRunner -->
